2022-07-24 11:44:40.842 [Test worker] INFO  com.assignment.test.CouponActivationTest - coupon center title : Coupons
2022-07-24 12:00:10.534 [Test worker] INFO  com.assignment.test.BaseTest - Appium driver started...
2022-07-24 12:00:15.985 [Test worker] INFO  com.assignment.test.CouponActivationTest - coupon center title : Coupons
2022-07-24 12:00:17.367 [Test worker] INFO  com.assignment.pom.CouponPage - Nicht aktiviert (43)
2022-07-24 12:00:18.427 [Test worker] INFO  com.assignment.pom.CouponPage - Aktiviert (15)
2022-07-24 12:00:21.267 [Test worker] INFO  com.assignment.test.CouponActivationTest - not activated count : 43
2022-07-24 12:00:21.267 [Test worker] INFO  com.assignment.test.CouponActivationTest - activated count : 15
2022-07-24 12:00:21.523 [Test worker] INFO  com.assignment.test.CouponActivationTest - total coupon available : 35
2022-07-24 12:00:21.854 [Test worker] INFO  com.assignment.pom.CouponPage - checking coupon no : 5
total coupon available : 35
2022-07-24 12:11:09.387 [Test worker] INFO  com.assignment.test.BaseTest - Appium driver started...
2022-07-24 12:11:17.252 [Test worker] INFO  com.assignment.test.CouponActivationTest - coupon center title : Coupons
2022-07-24 12:11:17.566 [Test worker] INFO  com.assignment.pom.CouponPage - Not activated coupon tab title : Nicht aktiviert (43)
2022-07-24 12:11:17.791 [Test worker] INFO  com.assignment.pom.CouponPage - Activated coupon tab title : Aktiviert (15)
2022-07-24 12:11:20.843 [Test worker] INFO  com.assignment.test.CouponActivationTest - not activated count : 43
2022-07-24 12:11:20.844 [Test worker] INFO  com.assignment.test.CouponActivationTest - activated count : 15
2022-07-24 12:11:21.077 [Test worker] INFO  com.assignment.test.CouponActivationTest - total coupon available : 35
2022-07-24 12:11:21.235 [Test worker] INFO  com.assignment.pom.CouponPage - checking coupon no : 5
2022-07-24 12:11:21.449 [Test worker] INFO  com.assignment.pom.CouponPage - total coupon available : 35
2022-07-24 13:16:50.194 [Test worker] INFO  com.assignment.test.BaseTest - Appium driver started...
2022-07-24 13:17:01.448 [Test worker] INFO  com.assignment.test.CouponActivationTest - coupon center title : Coupons
2022-07-24 13:17:01.775 [Test worker] INFO  com.assignment.pom.CouponPage - Not activated coupon tab title : Nicht aktiviert (43)
2022-07-24 13:17:02.600 [Test worker] INFO  com.assignment.pom.CouponPage - Activated coupon tab title : Aktiviert (15)
2022-07-24 13:17:06.718 [Test worker] INFO  com.assignment.test.CouponActivationTest - Filter UI title : Filter
2022-07-24 13:17:06.719 [Test worker] INFO  com.assignment.test.CouponActivationTest - not activated count : 43
2022-07-24 13:17:06.719 [Test worker] INFO  com.assignment.test.CouponActivationTest - activated count : 15
2022-07-24 13:17:06.913 [Test worker] INFO  com.assignment.test.CouponActivationTest - total coupon available : 35
2022-07-24 13:17:07.101 [Test worker] INFO  com.assignment.pom.CouponPage - checking coupon no : 5
2022-07-24 13:17:07.276 [Test worker] INFO  com.assignment.pom.CouponPage - total coupon available : 35
2022-07-24 13:18:02.407 [Test worker] INFO  com.assignment.test.BaseTest - Appium driver started...
2022-07-24 13:18:08.222 [Test worker] INFO  com.assignment.test.CouponActivationTest - coupon center title : Coupons
2022-07-24 13:18:08.521 [Test worker] INFO  com.assignment.pom.CouponPage - Not activated coupon tab title : Nicht aktiviert (43)
2022-07-24 13:18:08.689 [Test worker] INFO  com.assignment.pom.CouponPage - Activated coupon tab title : Aktiviert (15)
2022-07-24 13:18:11.592 [Test worker] INFO  com.assignment.test.CouponActivationTest - Filter UI title : Filter
2022-07-24 13:18:11.592 [Test worker] INFO  com.assignment.test.CouponActivationTest - not activated count : 43
2022-07-24 13:18:11.593 [Test worker] INFO  com.assignment.test.CouponActivationTest - activated count : 15
2022-07-24 13:18:11.812 [Test worker] INFO  com.assignment.test.CouponActivationTest - total coupon available : 35
2022-07-24 13:18:12.006 [Test worker] INFO  com.assignment.pom.CouponPage - checking coupon no : 5
2022-07-24 13:18:12.212 [Test worker] INFO  com.assignment.pom.CouponPage - total coupon available : 35
2022-07-24 13:22:40.087 [Test worker] INFO  com.assignment.test.BaseTest - Appium driver started...
2022-07-24 13:22:40.101 [Test worker] INFO  com.assignment.test.CouponActivationTest - ---------- Test Name :: null :: ----------
2022-07-24 13:22:46.137 [Test worker] INFO  com.assignment.test.CouponActivationTest - coupon center title : Coupons
2022-07-24 13:22:46.151 [Test worker] INFO  com.assignment.test.CouponActivationTest - ---------- Test Name :: null :: ----------
2022-07-24 13:22:46.493 [Test worker] INFO  com.assignment.pom.CouponPage - Not activated coupon tab title : Nicht aktiviert (43)
2022-07-24 13:22:47.333 [Test worker] INFO  com.assignment.pom.CouponPage - Activated coupon tab title : Aktiviert (15)
2022-07-24 13:22:50.457 [Test worker] INFO  com.assignment.test.CouponActivationTest - Filter UI title : Filter
2022-07-24 13:22:50.457 [Test worker] INFO  com.assignment.test.CouponActivationTest - not activated count : 43
2022-07-24 13:22:50.457 [Test worker] INFO  com.assignment.test.CouponActivationTest - activated count : 15
2022-07-24 13:22:50.653 [Test worker] INFO  com.assignment.test.CouponActivationTest - total coupon available : 35
2022-07-24 13:22:50.840 [Test worker] INFO  com.assignment.pom.CouponPage - checking coupon no : 5
2022-07-24 13:22:51.027 [Test worker] INFO  com.assignment.pom.CouponPage - total coupon available : 35
2022-07-24 13:22:57.934 [Test worker] INFO  com.assignment.pom.CouponPage - available coupon count : 0
2022-07-24 13:23:03.411 [Test worker] INFO  com.assignment.pom.CouponPage - checking coupon no : 7
2022-07-24 13:23:03.576 [Test worker] INFO  com.assignment.pom.CouponPage - total coupon available : 35
2022-07-24 13:23:05.219 [Test worker] INFO  com.assignment.pom.CouponPage - available coupon count : 1
2022-07-24 13:23:06.433 [Test worker] INFO  com.assignment.pom.CouponPage - Not activated coupon tab title : Nicht aktiviert (1)
2022-07-24 13:23:06.604 [Test worker] INFO  com.assignment.pom.CouponPage - Activated coupon tab title : Aktiviert (0)
2022-07-24 13:23:09.505 [Test worker] INFO  com.assignment.pom.CouponPage - Not activated coupon tab title : Nicht aktiviert (0)
2022-07-24 13:23:09.634 [Test worker] INFO  com.assignment.pom.CouponPage - Activated coupon tab title : Aktiviert (1)
2022-07-24 13:29:52.380 [Test worker] INFO  com.assignment.test.BaseTest - Appium driver started...
2022-07-24 13:30:33.961 [Test worker] INFO  com.assignment.test.BaseTest - Appium driver started...
2022-07-24 13:35:17.119 [Test worker] INFO  com.assignment.test.BaseTest - Appium driver started...
2022-07-24 13:35:17.130 [Test worker] INFO  com.assignment.test.TestName - ---------- Test Name :: Test_001_openCouponCenter :: ----------Test_001_openCouponCenter()
2022-07-24 13:35:23.246 [Test worker] INFO  com.assignment.test.CouponActivationTest - coupon center title : Coupons
2022-07-24 13:35:23.258 [Test worker] INFO  com.assignment.test.TestName - ---------- Test Name :: Test_002_filterAndActivateCoupon :: ----------Test_002_filterAndActivateCoupon()
2022-07-24 13:35:23.520 [Test worker] INFO  com.assignment.pom.CouponPage - Not activated coupon tab title : Nicht aktiviert (42)
2022-07-24 13:35:23.676 [Test worker] INFO  com.assignment.pom.CouponPage - Activated coupon tab title : Aktiviert (16)
2022-07-24 13:35:27.599 [Test worker] INFO  com.assignment.test.CouponActivationTest - Filter UI title : Filter
2022-07-24 13:35:27.599 [Test worker] INFO  com.assignment.test.CouponActivationTest - not activated count : 42
2022-07-24 13:35:27.599 [Test worker] INFO  com.assignment.test.CouponActivationTest - activated count : 16
2022-07-24 13:35:27.805 [Test worker] INFO  com.assignment.test.CouponActivationTest - total coupon available : 35
2022-07-24 13:35:27.982 [Test worker] INFO  com.assignment.pom.CouponPage - checking coupon no : 5
2022-07-24 13:35:28.168 [Test worker] INFO  com.assignment.pom.CouponPage - total coupon available : 35
2022-07-24 13:36:31.898 [Test worker] INFO  com.assignment.test.BaseTest - Appium driver started...
2022-07-24 13:36:31.911 [Test worker] INFO  com.assignment.test.TestName - ---------- Test Name :: Test_001_openCouponCenter :: ----------
2022-07-24 13:36:43.481 [Test worker] INFO  com.assignment.test.CouponActivationTest - coupon center title : Coupons
2022-07-24 13:36:43.493 [Test worker] INFO  com.assignment.test.TestName - ---------- Test Name :: Test_002_filterAndActivateCoupon :: ----------
2022-07-24 13:36:44.340 [Test worker] INFO  com.assignment.pom.CouponPage - Not activated coupon tab title : Nicht aktiviert (42)
2022-07-24 13:36:44.664 [Test worker] INFO  com.assignment.pom.CouponPage - Activated coupon tab title : Aktiviert (16)
2022-07-24 13:38:39.878 [Test worker] INFO  com.assignment.test.BaseTest - Appium driver started...
2022-07-24 13:38:39.888 [Test worker] INFO  com.assignment.test.TestName - ---------- Test Name :: Test_001_openCouponCenter :: ----------
2022-07-24 13:38:45.206 [Test worker] INFO  com.assignment.test.CouponActivationTest - coupon center title : Coupons
2022-07-24 13:38:45.217 [Test worker] INFO  com.assignment.test.TestName - ---------- Test Name :: Test_002_filterAndActivateCoupon :: ----------
2022-07-24 13:38:46.318 [Test worker] INFO  com.assignment.pom.CouponPage - Not activated coupon tab title : Nicht aktiviert (42)
2022-07-24 13:38:46.555 [Test worker] INFO  com.assignment.pom.CouponPage - Activated coupon tab title : Aktiviert (16)
2022-07-24 13:38:49.021 [Test worker] INFO  com.assignment.test.CouponActivationTest - Filter UI title : Filter
2022-07-24 13:38:49.021 [Test worker] INFO  com.assignment.test.CouponActivationTest - not activated count : 42
2022-07-24 13:38:49.021 [Test worker] INFO  com.assignment.test.CouponActivationTest - activated count : 16
2022-07-24 13:38:49.214 [Test worker] INFO  com.assignment.test.CouponActivationTest - total coupon available : 35
2022-07-24 13:38:49.437 [Test worker] INFO  com.assignment.pom.CouponPage - checking coupon no : 5
2022-07-24 13:38:49.672 [Test worker] INFO  com.assignment.pom.CouponPage - total coupon available : 35
2022-07-24 13:41:19.046 [Test worker] INFO  com.assignment.test.BaseTest - Appium driver started...
2022-07-24 13:41:19.056 [Test worker] INFO  com.assignment.test.TestName - ---------- Test Name :: Test_001_openCouponCenter :: ----------
2022-07-24 13:41:24.425 [Test worker] INFO  com.assignment.test.CouponActivationTest - coupon center title : Coupons
2022-07-24 13:41:24.438 [Test worker] INFO  com.assignment.test.TestName - ---------- Test Name :: Test_002_filterAndActivateCoupon :: ----------
2022-07-24 13:41:24.730 [Test worker] INFO  com.assignment.pom.CouponPage - Not activated coupon tab title : Nicht aktiviert (42)
2022-07-24 13:41:24.920 [Test worker] INFO  com.assignment.pom.CouponPage - Activated coupon tab title : Aktiviert (16)
2022-07-24 13:41:27.643 [Test worker] INFO  com.assignment.test.CouponActivationTest - Filter UI title : Filter
2022-07-24 13:41:27.643 [Test worker] INFO  com.assignment.test.CouponActivationTest - not activated count : 42
2022-07-24 13:41:27.643 [Test worker] INFO  com.assignment.test.CouponActivationTest - activated count : 16
2022-07-24 13:41:27.872 [Test worker] INFO  com.assignment.test.CouponActivationTest - total coupon available : 35
2022-07-24 13:41:28.053 [Test worker] INFO  com.assignment.pom.CouponPage - checking coupon no : 5
2022-07-24 13:41:28.242 [Test worker] INFO  com.assignment.pom.CouponPage - total coupon available : 35
2022-07-24 13:42:09.084 [Test worker] INFO  com.assignment.test.BaseTest - Appium driver started...
2022-07-24 13:42:09.094 [Test worker] INFO  com.assignment.test.TestName - ---------- Test Name :: Test_001_openCouponCenter :: ----------
2022-07-24 13:42:13.716 [Test worker] INFO  com.assignment.test.CouponActivationTest - coupon center title : Coupons
2022-07-24 13:42:13.726 [Test worker] INFO  com.assignment.test.TestName - ---------- Test Name :: Test_002_filterAndActivateCoupon :: ----------
2022-07-24 13:42:13.966 [Test worker] INFO  com.assignment.pom.CouponPage - Not activated coupon tab title : Nicht aktiviert (42)
2022-07-24 13:42:14.136 [Test worker] INFO  com.assignment.pom.CouponPage - Activated coupon tab title : Aktiviert (16)
2022-07-24 13:42:16.972 [Test worker] INFO  com.assignment.test.CouponActivationTest - Filter UI title : Filter
2022-07-24 13:42:16.973 [Test worker] INFO  com.assignment.test.CouponActivationTest - not activated count : 42
2022-07-24 13:42:16.973 [Test worker] INFO  com.assignment.test.CouponActivationTest - activated count : 16
2022-07-24 13:42:17.165 [Test worker] INFO  com.assignment.test.CouponActivationTest - total coupon available : 35
2022-07-24 13:42:17.334 [Test worker] INFO  com.assignment.pom.CouponPage - checking coupon no : 5
2022-07-24 13:42:17.509 [Test worker] INFO  com.assignment.pom.CouponPage - total coupon available : 35
2022-07-24 13:42:50.890 [Test worker] INFO  com.assignment.test.BaseTest - Appium driver started...
2022-07-24 13:42:50.900 [Test worker] INFO  com.assignment.test.TestName - ---------- Test Name :: Test_001_openCouponCenter :: ----------
2022-07-24 13:42:57.335 [Test worker] INFO  com.assignment.test.CouponActivationTest - coupon center title : Coupons
2022-07-24 13:42:57.346 [Test worker] INFO  com.assignment.test.TestName - ---------- Test Name :: Test_002_filterAndActivateCoupon :: ----------
2022-07-24 13:42:57.606 [Test worker] INFO  com.assignment.pom.CouponPage - Not activated coupon tab title : Nicht aktiviert (42)
2022-07-24 13:42:57.776 [Test worker] INFO  com.assignment.pom.CouponPage - Activated coupon tab title : Aktiviert (16)
2022-07-24 13:43:00.778 [Test worker] INFO  com.assignment.test.CouponActivationTest - Filter UI title : Filter
2022-07-24 13:43:00.779 [Test worker] INFO  com.assignment.test.CouponActivationTest - not activated count : 42
2022-07-24 13:43:00.779 [Test worker] INFO  com.assignment.test.CouponActivationTest - activated count : 16
2022-07-24 13:43:00.949 [Test worker] INFO  com.assignment.test.CouponActivationTest - total coupon available : 35
2022-07-24 13:43:01.128 [Test worker] INFO  com.assignment.pom.CouponPage - checking coupon no : 15
2022-07-24 13:43:01.960 [Test worker] INFO  com.assignment.pom.CouponPage - total coupon available : 35
2022-07-24 13:43:33.141 [Test worker] INFO  com.assignment.pom.CouponPage - available coupon count : 0
2022-07-24 13:43:39.180 [Test worker] INFO  com.assignment.pom.CouponPage - checking coupon no : 17
2022-07-24 13:43:39.323 [Test worker] INFO  com.assignment.pom.CouponPage - total coupon available : 35
2022-07-24 13:43:41.851 [Test worker] INFO  com.assignment.pom.CouponPage - available coupon count : 1
2022-07-24 13:43:43.264 [Test worker] INFO  com.assignment.pom.CouponPage - Not activated coupon tab title : Nicht aktiviert (1)
2022-07-24 13:43:43.404 [Test worker] INFO  com.assignment.pom.CouponPage - Activated coupon tab title : Aktiviert (1)
2022-07-24 13:43:46.464 [Test worker] INFO  com.assignment.pom.CouponPage - Not activated coupon tab title : Nicht aktiviert (0)
2022-07-24 13:43:46.587 [Test worker] INFO  com.assignment.pom.CouponPage - Activated coupon tab title : Aktiviert (2)
2022-07-24 13:45:37.827 [Test worker] INFO  com.assignment.test.BaseTest - Appium driver started...
2022-07-24 13:45:37.836 [Test worker] INFO  com.assignment.test.TestName - ---------- Test Name :: Test_001_openCouponCenter :: ----------
2022-07-24 13:45:44.364 [Test worker] INFO  com.assignment.test.CouponActivationTest - coupon center title : Coupons
2022-07-24 13:45:44.375 [Test worker] INFO  com.assignment.test.TestName - ---------- Test Name :: Test_002_filterAndActivateCoupon :: ----------
2022-07-24 13:45:44.634 [Test worker] INFO  com.assignment.pom.CouponPage - Not activated coupon tab title : Nicht aktiviert (41)
2022-07-24 13:45:44.801 [Test worker] INFO  com.assignment.pom.CouponPage - Activated coupon tab title : Aktiviert (17)
2022-07-24 13:45:48.085 [Test worker] INFO  com.assignment.test.CouponActivationTest - Filter UI title : Filter
2022-07-24 13:45:48.085 [Test worker] INFO  com.assignment.test.CouponActivationTest - not activated count : 41
2022-07-24 13:45:48.085 [Test worker] INFO  com.assignment.test.CouponActivationTest - activated count : 17
2022-07-24 13:45:48.276 [Test worker] INFO  com.assignment.test.CouponActivationTest - total coupon available : 35
2022-07-24 13:45:48.457 [Test worker] INFO  com.assignment.pom.CouponPage - checking coupon no : 19
2022-07-24 13:45:48.633 [Test worker] INFO  com.assignment.pom.CouponPage - total coupon available : 35
2022-07-24 13:45:51.224 [Test worker] INFO  com.assignment.pom.CouponPage - available coupon count : 1
2022-07-24 13:45:52.146 [Test worker] INFO  com.assignment.pom.CouponPage - Not activated coupon tab title : Nicht aktiviert (1)
2022-07-24 13:45:52.297 [Test worker] INFO  com.assignment.pom.CouponPage - Activated coupon tab title : Aktiviert (0)
2022-07-24 13:45:55.965 [Test worker] INFO  com.assignment.pom.CouponPage - Not activated coupon tab title : Nicht aktiviert (0)
2022-07-24 13:45:56.128 [Test worker] INFO  com.assignment.pom.CouponPage - Activated coupon tab title : Aktiviert (1)
2022-07-24 13:45:57.107 [Test worker] INFO  com.assignment.test.BaseTest - Appium driver stopped...
2022-07-24 20:11:49.616 [Test worker] INFO  com.assignment.test.BaseTest - Appium driver started...
2022-07-24 20:11:49.627 [Test worker] INFO  com.assignment.test.TestName - ---------- Test Name :: Test_001_openCouponCenter :: ----------
2022-07-24 20:11:52.349 [Test worker] INFO  com.assignment.test.CouponActivationTest - Coupon center title : Coupons
2022-07-24 20:11:52.363 [Test worker] INFO  com.assignment.test.TestName - ---------- Test Name :: Test_002_filterAndActivateCoupon :: ----------
2022-07-24 20:11:52.612 [Test worker] INFO  com.assignment.pom.CouponPage - Not activated coupon tab title : Nicht aktiviert (0)
2022-07-24 20:11:52.867 [Test worker] INFO  com.assignment.pom.CouponPage - Activated coupon tab title : Aktiviert (18)
2022-07-24 20:11:58.374 [Test worker] INFO  com.assignment.test.CouponActivationTest - Filter UI title : Filter
2022-07-24 20:11:58.374 [Test worker] INFO  com.assignment.test.CouponActivationTest - Total not activated coupon count : 40
2022-07-24 20:11:58.375 [Test worker] INFO  com.assignment.test.CouponActivationTest - Total activated count : 18
2022-07-24 20:11:58.411 [Test worker] INFO  com.assignment.test.CouponActivationTest - Total coupon services available : 2
2022-07-24 20:11:59.100 [Test worker] INFO  com.assignment.test.BaseTest - Appium driver stopped...
2022-07-24 20:13:01.452 [Test worker] INFO  com.assignment.test.BaseTest - Appium driver started...
2022-07-24 20:13:01.461 [Test worker] INFO  com.assignment.test.TestName - ---------- Test Name :: Test_001_openCouponCenter :: ----------
2022-07-24 20:13:04.442 [Test worker] INFO  com.assignment.test.CouponActivationTest - Coupon center title : Coupons
2022-07-24 20:13:04.459 [Test worker] INFO  com.assignment.test.TestName - ---------- Test Name :: Test_002_filterAndActivateCoupon :: ----------
2022-07-24 20:13:04.802 [Test worker] INFO  com.assignment.pom.CouponPage - Not activated coupon tab title : Nicht aktiviert (0)
2022-07-24 20:13:07.396 [Test worker] INFO  com.assignment.pom.CouponPage - Activated coupon tab title : Aktiviert (18)
2022-07-24 20:13:11.485 [Test worker] INFO  com.assignment.test.CouponActivationTest - Filter UI title : Filter
2022-07-24 20:13:11.486 [Test worker] INFO  com.assignment.test.CouponActivationTest - Total not activated coupon count : 40
2022-07-24 20:13:11.486 [Test worker] INFO  com.assignment.test.CouponActivationTest - Total activated count : 18
2022-07-24 20:13:11.686 [Test worker] INFO  com.assignment.test.CouponActivationTest - Total coupon services available : 35
2022-07-24 20:13:11.898 [Test worker] INFO  com.assignment.pom.CouponPage - checking coupon no : 15
2022-07-24 20:13:12.684 [Test worker] INFO  com.assignment.pom.CouponPage - total coupon available : 35
2022-07-24 20:13:15.993 [Test worker] INFO  com.assignment.pom.CouponPage - available coupon count : 0
2022-07-24 20:13:25.982 [Test worker] INFO  com.assignment.pom.CouponPage - checking coupon no : 17
2022-07-24 20:13:26.130 [Test worker] INFO  com.assignment.pom.CouponPage - total coupon available : 35
2022-07-24 20:13:32.224 [Test worker] INFO  com.assignment.pom.CouponPage - available coupon count : 0
2022-07-24 20:13:41.423 [Test worker] INFO  com.assignment.pom.CouponPage - checking coupon no : 19
2022-07-24 20:13:41.557 [Test worker] INFO  com.assignment.pom.CouponPage - total coupon available : 35
2022-07-24 20:13:47.833 [Test worker] INFO  com.assignment.pom.CouponPage - available coupon count : 0
2022-07-24 20:13:54.464 [Test worker] INFO  com.assignment.pom.CouponPage - checking coupon no : 21
2022-07-24 20:13:54.629 [Test worker] INFO  com.assignment.pom.CouponPage - total coupon available : 35
2022-07-24 20:14:00.638 [Test worker] INFO  com.assignment.pom.CouponPage - available coupon count : 0
2022-07-24 20:14:07.411 [Test worker] INFO  com.assignment.pom.CouponPage - checking coupon no : 23
2022-07-24 20:14:07.485 [Test worker] INFO  com.assignment.pom.CouponPage - total coupon available : 35
2022-07-24 20:14:09.749 [Test worker] INFO  com.assignment.pom.CouponPage - available coupon count : 1
2022-07-24 20:14:12.583 [Test worker] INFO  com.assignment.pom.CouponPage - Not activated coupon tab title : Nicht aktiviert (1)
2022-07-24 20:14:12.743 [Test worker] INFO  com.assignment.pom.CouponPage - Activated coupon tab title : Aktiviert (0)
2022-07-24 20:14:15.706 [Test worker] INFO  com.assignment.pom.CouponPage - Not activated coupon tab title : Nicht aktiviert (0)
2022-07-24 20:14:15.834 [Test worker] INFO  com.assignment.pom.CouponPage - Activated coupon tab title : Aktiviert (1)
2022-07-24 20:14:17.038 [Test worker] INFO  com.assignment.test.BaseTest - Appium driver stopped...
